<?xml version="1.0" encoding="UTF-8"?>
<testng-results ignored="0" total="2" passed="2" failed="0" skipped="0">
  <reporter-output>
  </reporter-output>
  <suite started-at="2022-09-08T10:48:22 IST" name="Default suite" finished-at="2022-09-08T10:49:30 IST" duration-ms="68080">
    <groups>
    </groups>
    <test started-at="2022-09-08T10:48:22 IST" name="Default test" finished-at="2022-09-08T10:49:30 IST" duration-ms="68080">
      <class name="myTest.Program1">
        <test-method is-config="true" signature="setUp()[pri:0, instance:myTest.Program1@4ac3c60d]" started-at="2022-09-08T10:48:22 IST" name="setUp" finished-at="2022-09-08T10:48:55 IST" duration-ms="32940" status="PASS">
          <reporter-output>
          </reporter-output>
        </test-method> <!-- setUp -->
        <test-method signature="verifyTitle()[pri:0, instance:myTest.Program1@4ac3c60d]" started-at="2022-09-08T10:48:55 IST" name="verifyTitle" finished-at="2022-09-08T10:48:56 IST" duration-ms="1568" status="PASS">
          <reporter-output>
          </reporter-output>
        </test-method> <!-- verifyTitle -->
        <test-method is-config="true" signature="tearDown()[pri:0, instance:myTest.Program1@4ac3c60d]" started-at="2022-09-08T10:48:56 IST" name="tearDown" finished-at="2022-09-08T10:48:58 IST" duration-ms="1117" status="PASS">
          <reporter-output>
          </reporter-output>
        </test-method> <!-- tearDown -->
        <test-method is-config="true" signature="setUp()[pri:0, instance:myTest.Program1@4ac3c60d]" started-at="2022-09-08T10:48:58 IST" name="setUp" finished-at="2022-09-08T10:49:24 IST" duration-ms="26519" status="PASS">
          <reporter-output>
          </reporter-output>
        </test-method> <!-- setUp -->
        <test-method signature="verifytitle()[pri:0, instance:myTest.Program1@4ac3c60d]" started-at="2022-09-08T10:49:24 IST" name="verifytitle" finished-at="2022-09-08T10:49:29 IST" duration-ms="4474" status="PASS">
          <reporter-output>
          </reporter-output>
        </test-method> <!-- verifytitle -->
        <test-method is-config="true" signature="tearDown()[pri:0, instance:myTest.Program1@4ac3c60d]" started-at="2022-09-08T10:49:29 IST" name="tearDown" finished-at="2022-09-08T10:49:30 IST" duration-ms="1389" status="PASS">
          <reporter-output>
          </reporter-output>
        </test-method> <!-- tearDown -->
      </class> <!-- myTest.Program1 -->
    </test> <!-- Default test -->
  </suite> <!-- Default suite -->
</testng-results>
